[    0.000000] Linux version 4.15.0-45-generic (buildd@lgw01-amd64-031) (gcc version 7.3.0 (Ubuntu 7.3.0-16ubuntu3)) #48-Ubuntu SMP Tue Jan 29 16:28:13 UTC 2019 (Ubuntu 4.15.0-45.48-generic 4.15.18)
[    0.000000] Command line: BOOT_IMAGE=/boot/vmlinuz-4.15.0-45-generic root=LABEL=cloudimg-rootfs ro console=tty1 console=ttyS0
[    0.000000] KERNEL supported cpus:
[    0.000000]   Intel GenuineIntel
[    0.000000]   AMD AuthenticAMD
[    0.000000]   Centaur CentaurHauls
[    0.000000] x86/fpu: Supporting XSAVE feature 0x001: 'x87 floating point registers'
[    0.000000] x86/fpu: Supporting XSAVE feature 0x002: 'SSE registers'
[    0.000000] x86/fpu: Supporting XSAVE feature 0x004: 'AVX registers'
[    0.000000] x86/fpu: xstate_offset[2]:  576, xstate_sizes[2]:  256
[    0.000000] x86/fpu: Enabled xstate features 0x7, context size is 832 bytes, using 'standard' format.
[    0.000000] e820: BIOS-provided physical RAM map:
[    0.000000] BIOS-e820: [mem 0x0000000000000000-0x000000000009fbff] usable
[    0.000000] BIOS-e820: [mem 0x000000000009fc00-0x000000000009ffff] reserved
[    0.000000] BIOS-e820: [mem 0x00000000000f0000-0x00000000000fffff] reserved
[    0.000000] BIOS-e820: [mem 0x0000000000100000-0x000000003ffeffff] usable
[    0.000000] BIOS-e820: [mem 0x000000003fff0000-0x000000003fffffff] ACPI data
[    0.000000] BIOS-e820: [mem 0x00000000fec00000-0x00000000fec00fff] reserved
[    0.000000] BIOS-e820: [mem 0x00000000fee00000-0x00000000fee00fff] reserved
[    0.000000] BIOS-e820: [mem 0x00000000fffc0000-0x00000000ffffffff] reserved
[    0.000000] NX (Execute Disable) protection: active
[    0.000000] SMBIOS 2.5 present.
[    0.000000] DMI: innotek GmbH VirtualBox/VirtualBox, BIOS VirtualBox 12/01/2006
[    0.000000] Hypervisor detected: KVM
[    0.000000] e820: last_pfn = 0x3fff0 max_arch_pfn = 0x400000000
[    0.000000] MTRR: Disabled
[    0.000000] x86/PAT: MTRRs disabled, skipping PAT initialization too.
[    0.000000] CPU MTRRs all blank - virtualized system.
[    0.000000] x86/PAT: Configuration [0-7]: WB  WT  UC- UC  WB  WT  UC- UC  
[    0.000000] found SMP MP-table at [mem 0x0009fff0-0x0009ffff] mapped at [        (ptrval)]
[    0.000000] Scanning 1 areas for low memory corruption
[    0.000000] RAMDISK: [mem 0x35adf000-0x36d66fff]
[    0.000000] ACPI: Early table checksum verification disabled
[    0.000000] ACPI: RSDP 0x00000000000E0000 000024 (v02 VBOX  )
[    0.000000] ACPI: XSDT 0x000000003FFF0030 00003C (v01 VBOX   VBOXXSDT 00000001 ASL  00000061)
[    0.000000] ACPI: FACP 0x000000003FFF00F0 0000F4 (v04 VBOX   VBOXFACP 00000001 ASL  00000061)
[    0.000000] ACPI: DSDT 0x000000003FFF0470 0021FF (v02 VBOX   VBOXBIOS 00000002 INTL 20180105)
[    0.000000] ACPI: FACS 0x000000003FFF0200 000040
[    0.000000] ACPI: FACS 0x000000003FFF0200 000040
[    0.000000] ACPI: APIC 0x000000003FFF0240 00005C (v02 VBOX   VBOXAPIC 00000001 ASL  00000061)
[    0.000000] ACPI: SSDT 0x000000003FFF02A0 0001CC (v01 VBOX   VBOXCPUT 00000002 INTL 20180105)
[    0.000000] No NUMA configuration found
[    0.000000] Faking a node at [mem 0x0000000000000000-0x000000003ffeffff]
[    0.000000] NODE_DATA(0) allocated [mem 0x3ffc5000-0x3ffeffff]
[    0.000000] kvm-clock: cpu 0, msr 0:3ff44001, primary cpu clock
[    0.000000] kvm-clock: Using msrs 4b564d01 and 4b564d00
[    0.000000] kvm-clock: using sched offset of 3390393741 cycles
[    0.000000] clocksource: kvm-clock: mask: 0xffffffffffffffff max_cycles: 0x1cd42e4dffb, max_idle_ns: 881590591483 ns
[    0.000000] Zone ranges:
[    0.000000]   DMA      [mem 0x0000000000001000-0x0000000000ffffff]
[    0.000000]   DMA32    [mem 0x0000000001000000-0x000000003ffeffff]
[    0.000000]   Normal   empty
[    0.000000]   Device   empty
[    0.000000] Movable zone start for each node
[    0.000000] Early memory node ranges
[    0.000000]   node   0: [mem 0x0000000000001000-0x000000000009efff]
[    0.000000]   node   0: [mem 0x0000000000100000-0x000000003ffeffff]
[    0.000000] Reserved but unavailable: 114 pages
[    0.000000] Initmem setup node 0 [mem 0x0000000000001000-0x000000003ffeffff]
[    0.000000] ACPI: PM-Timer IO Port: 0x4008
[    0.000000] IOAPIC[0]: apic_id 2, version 32, address 0xfec00000, GSI 0-23
[    0.000000] ACPI: INT_SRC_OVR (bus 0 bus_irq 0 global_irq 2 dfl dfl)
[    0.000000] ACPI: INT_SRC_OVR (bus 0 bus_irq 9 global_irq 9 low level)
[    0.000000] Using ACPI (MADT) for SMP configuration information
[    0.000000] smpboot: Allowing 2 CPUs, 0 hotplug CPUs
[    0.000000] PM: Registered nosave memory: [mem 0x00000000-0x00000fff]
[    0.000000] PM: Registered nosave memory: [mem 0x0009f000-0x0009ffff]
[    0.000000] PM: Registered nosave memory: [mem 0x000a0000-0x000effff]
[    0.000000] PM: Registered nosave memory: [mem 0x000f0000-0x000fffff]
[    0.000000] e820: [mem 0x40000000-0xfebfffff] available for PCI devices
[    0.000000] Booting paravirtualized kernel on KVM
[    0.000000] clocksource: refined-jiffies: mask: 0xffffffff max_cycles: 0xffffffff, max_idle_ns: 7645519600211568 ns
[    0.000000] random: get_random_bytes called from start_kernel+0x99/0x4fd with crng_init=0
[    0.000000] setup_percpu: NR_CPUS:8192 nr_cpumask_bits:2 nr_cpu_ids:2 nr_node_ids:1
[    0.000000] percpu: Embedded 46 pages/cpu @        (ptrval) s151552 r8192 d28672 u1048576
[    0.000000] PV qspinlock hash table entries: 256 (order: 0, 4096 bytes)
[    0.000000] Built 1 zonelists, mobility grouping on.  Total pages: 257913
[    0.000000] Policy zone: DMA32
[    0.000000] Kernel command line: BOOT_IMAGE=/boot/vmlinuz-4.15.0-45-generic root=LABEL=cloudimg-rootfs ro console=tty1 console=ttyS0
[    0.000000] Memory: 983608K/1048120K available (12300K kernel code, 2473K rwdata, 4252K rodata, 2408K init, 2416K bss, 64512K reserved, 0K cma-reserved)
[    0.000000] SLUB: HWalign=64, Order=0-3, MinObjects=0, CPUs=2, Nodes=1
[    0.000000] Kernel/User page tables isolation: enabled
[    0.000000] ftrace: allocating 39194 entries in 154 pages
[    0.004000] Hierarchical RCU implementation.
[    0.004000] 	RCU restricting CPUs from NR_CPUS=8192 to nr_cpu_ids=2.
[    0.004000] 	Tasks RCU enabled.
[    0.004000] RCU: Adjusting geometry for rcu_fanout_leaf=16, nr_cpu_ids=2
[    0.004000] NR_IRQS: 524544, nr_irqs: 440, preallocated irqs: 16
[    0.004000] Console: colour VGA+ 80x25
[    0.004000] console [tty1] enabled
[    0.004000] console [ttyS0] enabled
[    0.004000] ACPI: Core revision 20170831
[    0.004000] ACPI: 2 ACPI AML tables successfully acquired and loaded
[    0.004000] APIC: Switch to symmetric I/O mode setup
[    0.004000] x2apic enabled
[    0.004000] Switched APIC routing to physical x2apic.
[    0.004000] ..TIMER: vector=0x30 apic1=0 pin1=2 apic2=-1 pin2=-1
[    0.004004] tsc: Detected 2592.000 MHz processor
[    0.004777] Calibrating delay loop (skipped) preset value.. 5184.00 BogoMIPS (lpj=10368000)
[    0.005382] pid_max: default: 32768 minimum: 301
[    0.006185] Security Framework initialized
[    0.008002] Yama: becoming mindful.
[    0.008632] AppArmor: AppArmor initialized
[    0.009843] Dentry cache hash table entries: 131072 (order: 8, 1048576 bytes)
[    0.011059] Inode-cache hash table entries: 65536 (order: 7, 524288 bytes)
[    0.012015] Mount-cache hash table entries: 2048 (order: 2, 16384 bytes)
[    0.012925] Mountpoint-cache hash table entries: 2048 (order: 2, 16384 bytes)
[    0.016223] mce: CPU supports 0 MCE banks
[    0.016920] Last level iTLB entries: 4KB 64, 2MB 8, 4MB 8
[    0.017792] Last level dTLB entries: 4KB 64, 2MB 0, 4MB 0, 1GB 4
[    0.018749] Spectre V2 : Mitigation: Full generic retpoline
[    0.020002] Spectre V2 : Spectre v2 / SpectreRSB mitigation: Filling RSB on context switch
[    0.021311] Speculative Store Bypass: Vulnerable
[    0.022146] Freeing SMP alternatives memory: 36K
[    0.028000] smpboot: CPU0: Intel(R) Core(TM) i7-6500U CPU @ 2.50GHz (family: 0x6, model: 0x4e, stepping: 0x3)
[    0.028087] Performance Events: unsupported p6 CPU model 78 no PMU driver, software events only.
[    0.032033] Hierarchical SRCU implementation.
[    0.033332] NMI watchdog: Perf event create on CPU 0 failed with -2
[    0.034348] NMI watchdog: Perf NMI watchdog permanently disabled
[    0.035371] smp: Bringing up secondary CPUs ...
[    0.036075] x86: Booting SMP configuration:
[    0.036766] .... node  #0, CPUs:      #1
[    0.004000] kvm-clock: cpu 1, msr 0:3ff44041, secondary cpu clock
[    0.004000] mce: CPU supports 0 MCE banks
[    0.040019] smp: Brought up 1 node, 2 CPUs
[    0.040678] smpboot: Max logical packages: 1
[    0.041396] smpboot: Total of 2 processors activated (10368.00 BogoMIPS)
[    0.044049] devtmpfs: initialized
[    0.044623] x86/mm: Memory block size: 128MB
[    0.045446] evm: security.selinux
[    0.046007] evm: security.SMACK64
[    0.046569] evm: security.SMACK64EXEC
[    0.047182] evm: security.SMACK64TRANSMUTE
[    0.047846] evm: security.SMACK64MMAP
[    0.048003] evm: security.apparmor
[    0.048573] evm: security.ima
[    0.052003] evm: security.capability
[    0.052748] clocksource: jiffies: mask: 0xffffffff max_cycles: 0xffffffff, max_idle_ns: 7645041785100000 ns
[    0.056011] futex hash table entries: 512 (order: 3, 32768 bytes)
[    0.057041] pinctrl core: initialized pinctrl subsystem
[    0.058441] RTC time: 12:20:50, date: 03/10/19
[    0.060140] NET: Registered protocol family 16
[    0.060966] audit: initializing netlink subsys (disabled)
[    0.061875] audit: type=2000 audit(1552220454.970:1): state=initialized audit_enabled=0 res=1
[    0.061875] cpuidle: using governor ladder
[    0.064006] cpuidle: using governor menu
[    0.064703] ACPI: bus type PCI registered
[    0.065386] acpiphp: ACPI Hot Plug PCI Controller Driver version: 0.5
[    0.066501] PCI: Using configuration type 1 for base access
[    0.068944] HugeTLB registered 2.00 MiB page size, pre-allocated 0 pages
[    0.069130] ACPI: Added _OSI(Module Device)
[    0.069130] ACPI: Added _OSI(Processor Device)
[    0.069526] ACPI: Added _OSI(3.0 _SCP Extensions)
[    0.072007] ACPI: Added _OSI(Processor Aggregator Device)
[    0.072886] ACPI: Added _OSI(Linux-Dell-Video)
[    0.073625] ACPI: Added _OSI(Linux-Lenovo-NV-HDMI-Audio)
[    0.074495] ACPI: Added _OSI(Linux-HPI-Hybrid-Graphics)
[    0.076254] ACPI: Executed 1 blocks of module-level executable AML code
[    0.084108] ACPI: Interpreter enabled
[    0.084852] ACPI: (supports S0 S5)
[    0.085443] ACPI: Using IOAPIC for interrupt routing
[    0.086475] PCI: Using host bridge windows from ACPI; if necessary, use "pci=nocrs" and report a bug
[    0.088094] ACPI: Enabled 2 GPEs in block 00 to 07
[    0.099239] ACPI: PCI Root Bridge [PCI0] (domain 0000 [bus 00-ff])
[    0.100008] acpi PNP0A03:00: _OSC: OS supports [ASPM ClockPM Segments MSI]
[    0.101121] acpi PNP0A03:00: _OSC: not requesting OS control; OS requires [ExtendedConfig ASPM ClockPM MSI]
[    0.102687] acpi PNP0A03:00: fail to add MMCONFIG information, can't access extended PCI configuration space under this bridge.
[    0.104300] PCI host bridge to bus 0000:00
[    0.108005] pci_bus 0000:00: root bus resource [io  0x0000-0x0cf7 window]
[    0.112003] pci_bus 0000:00: root bus resource [io  0x0d00-0xffff window]
[    0.113084] pci_bus 0000:00: root bus resource [mem 0x000a0000-0x000bffff window]
[    0.114313] pci_bus 0000:00: root bus resource [mem 0x40000000-0xfdffffff window]
[    0.115543] pci_bus 0000:00: root bus resource [bus 00-ff]
[    0.117544] pci 0000:00:01.1: legacy IDE quirk: reg 0x10: [io  0x01f0-0x01f7]
[    0.118691] pci 0000:00:01.1: legacy IDE quirk: reg 0x14: [io  0x03f6]
[    0.120003] pci 0000:00:01.1: legacy IDE quirk: reg 0x18: [io  0x0170-0x0177]
[    0.121129] pci 0000:00:01.1: legacy IDE quirk: reg 0x1c: [io  0x0376]
[    0.138119] pci 0000:00:07.0: quirk: [io  0x4000-0x403f] claimed by PIIX4 ACPI
[    0.140015] pci 0000:00:07.0: quirk: [io  0x4100-0x410f] claimed by PIIX4 SMB
[    0.146656] ACPI: PCI Interrupt Link [LNKA] (IRQs 5 9 10 *11)
[    0.148298] ACPI: PCI Interrupt Link [LNKB] (IRQs 5 9 *10 11)
[    0.149324] ACPI: PCI Interrupt Link [LNKC] (IRQs 5 *9 10 11)
[    0.150217] ACPI: PCI Interrupt Link [LNKD] (IRQs 5 9 10 *11)
[    0.152372] SCSI subsystem initialized
[    0.152982] pci 0000:00:02.0: vgaarb: setting as boot VGA device
[    0.152982] pci 0000:00:02.0: vgaarb: VGA device added: decodes=io+mem,owns=io+mem,locks=none
[    0.154172] pci 0000:00:02.0: vgaarb: bridge control possible
[    0.156013] vgaarb: loaded
[    0.156469] ACPI: bus type USB registered
[    0.157068] usbcore: registered new interface driver usbfs
[    0.157891] usbcore: registered new interface driver hub
[    0.158761] usbcore: registered new device driver usb
[    0.159531] EDAC MC: Ver: 3.0.0
[    0.160213] PCI: Using ACPI for IRQ routing
[    0.160883] NetLabel: Initializing
[    0.164003] NetLabel:  domain hash size = 128
[    0.164625] NetLabel:  protocols = UNLABELED CIPSOv4 CALIPSO
[    0.165427] NetLabel:  unlabeled traffic allowed by default
[    0.166216] clocksource: Switched to clocksource kvm-clock
[    0.174573] VFS: Disk quotas dquot_6.6.0
[    0.205170] VFS: Dquot-cache hash table entries: 512 (order 0, 4096 bytes)
[    0.206328] AppArmor: AppArmor Filesystem Enabled
[    0.207106] pnp: PnP ACPI init
[    0.208502] pnp: PnP ACPI: found 3 devices
[    0.217260] clocksource: acpi_pm: mask: 0xffffff max_cycles: 0xffffff, max_idle_ns: 2085701024 ns
[    0.218687] NET: Registered protocol family 2
[    0.219998] TCP established hash table entries: 8192 (order: 4, 65536 bytes)
[    0.244418] TCP bind hash table entries: 8192 (order: 5, 131072 bytes)
[    0.245454] TCP: Hash tables configured (established 8192 bind 8192)
[    0.246486] UDP hash table entries: 512 (order: 2, 16384 bytes)
[    0.247426] UDP-Lite hash table entries: 512 (order: 2, 16384 bytes)
[    0.248472] NET: Registered protocol family 1
[    0.249199] pci 0000:00:00.0: Limiting direct PCI/PCI transfers
[    0.250152] pci 0000:00:01.0: Activating ISA DMA hang workarounds
[    0.251148] pci 0000:00:02.0: Video device with shadowed ROM at [mem 0x000c0000-0x000dffff]
[    0.269785] Unpacking initramfs...
[    0.536516] Freeing initrd memory: 18976K
[    0.540878] platform rtc_cmos: registered platform RTC device (no PNP device found)
[    0.542109] Scanning for low memory corruption every 60 seconds
[    0.543632] Initialise system trusted keyrings
[    0.549654] Key type blacklist registered
[    0.550459] workingset: timestamp_bits=36 max_order=18 bucket_order=0
[    0.552499] zbud: loaded
[    0.553476] squashfs: version 4.0 (2009/01/31) Phillip Lougher
[    0.560163] fuse init (API version 7.26)
[    0.562815] Key type asymmetric registered
[    0.563545] Asymmetric key parser 'x509' registered
[    0.564470] Block layer SCSI generic (bsg) driver version 0.4 loaded (major 246)
[    0.565841] io scheduler noop registered
[    0.566528] io scheduler deadline registered
[    0.567278] io scheduler cfq registered (default)
[    0.568328] ACPI: AC Adapter [AC] (off-line)
[    0.569108] input: Power Button as /devices/LNXSYSTM:00/LNXPWRBN:00/input/input0
[    0.570427] ACPI: Power Button [PWRF]
[    0.571090] input: Sleep Button as /devices/LNXSYSTM:00/LNXSLPBN:00/input/input1
[    0.572314] ACPI: Sleep Button [SLPF]
[    0.579140] ACPI: Battery Slot [BAT0] (battery present)
[    0.580031] Serial: 8250/16550 driver, 32 ports, IRQ sharing enabled
[    0.602943] 00:02: ttyS0 at I/O 0x3f8 (irq = 4, base_baud = 115200) is a 16550A
[    0.611544] Linux agpgart interface v0.103
[    0.613457] loop: module loaded
[    0.614418] scsi host0: ata_piix
[    0.615131] scsi host1: ata_piix
[    0.615738] ata1: PATA max UDMA/33 cmd 0x1f0 ctl 0x3f6 bmdma 0xd000 irq 14
[    0.622184] ata2: PATA max UDMA/33 cmd 0x170 ctl 0x376 bmdma 0xd008 irq 15
[    0.623432] libphy: Fixed MDIO Bus: probed
[    0.624170] tun: Universal TUN/TAP device driver, 1.6
[    0.625094] PPP generic driver version 2.4.2
[    0.625884] ehci_hcd: USB 2.0 'Enhanced' Host Controller (EHCI) Driver
[    0.626928] ehci-pci: EHCI PCI platform driver
[    0.627677] ehci-platform: EHCI generic platform driver
[    0.628560] ohci_hcd: USB 1.1 'Open' Host Controller (OHCI) Driver
[    0.629564] ohci-pci: OHCI PCI platform driver
[    0.630309] ohci-platform: OHCI generic platform driver
[    0.631165] uhci_hcd: USB Universal Host Controller Interface driver
[    0.632237] i8042: PNP: PS/2 Controller [PNP0303:PS2K,PNP0f03:PS2M] at 0x60,0x64 irq 1,12
[    0.633994] serio: i8042 KBD port at 0x60,0x64 irq 1
[    0.634861] serio: i8042 AUX port at 0x60,0x64 irq 12
[    0.635865] mousedev: PS/2 mouse device common for all mice
[    0.637364] input: AT Translated Set 2 keyboard as /devices/platform/i8042/serio0/input/input2
[    0.638885] rtc_cmos rtc_cmos: rtc core: registered rtc_cmos as rtc0
[    0.639905] rtc_cmos rtc_cmos: alarms up to one day, 114 bytes nvram
[    0.641964] i2c /dev entries driver
[    0.643518] pcie_mp2_amd: AMD(R) PCI-E MP2 Communication Driver Version: 1.0
[    0.644959] device-mapper: uevent: version 1.0.3
[    0.645803] device-mapper: ioctl: 4.37.0-ioctl (2017-09-20) initialised: dm-devel@redhat.com
[    0.647205] ledtrig-cpu: registered to indicate activity on CPUs
[    0.649584] NET: Registered protocol family 10
[    0.653358] Segment Routing with IPv6
[    0.659404] NET: Registered protocol family 17
[    0.660208] Key type dns_resolver registered
[    0.661115] RAS: Correctable Errors collector initialized.
[    0.662007] sched_clock: Marking stable (661082970, 0)->(992897815, -331814845)
[    0.663577] registered taskstats version 1
[    0.664302] Loading compiled-in X.509 certificates
[    0.667057] Loaded X.509 cert 'Build time autogenerated kernel key: e3b8f44ffaaceef3e3a84cfaebd8e5a9acebeaad'
[    0.668661] zswap: loaded using pool lzo/zbud
[    0.672244] Key type big_key registered
[    0.677772] Key type trusted registered
[    0.679771] Key type encrypted registered
[    0.680476] AppArmor: AppArmor sha1 policy hashing enabled
[    0.681368] ima: No TPM chip found, activating TPM-bypass! (rc=-19)
[    0.682357] ima: Allocated hash algorithm: sha1
[    0.683101] evm: HMAC attrs: 0x1
[    0.683767]   Magic number: 11:275:329
[    0.684408] tty tty50: hash matches
[    0.685060] rtc_cmos rtc_cmos: setting system clock to 2019-03-10 12:20:51 UTC (1552220451)
[    0.686460] BIOS EDD facility v0.16 2004-Jun-25, 0 devices found
[    0.692720] EDD information not available.
[    0.786416] Freeing unused kernel memory: 2408K
[    1.063658] Write protecting the kernel read-only data: 20480k
[    1.065297] Freeing unused kernel memory: 2008K
[    1.068926] Freeing unused kernel memory: 1892K
[    1.074530] x86/mm: Checked W+X mappings: passed, no W+X pages found.
[    1.075585] x86/mm: Checking user space page tables
[    1.081145] x86/mm: Checked W+X mappings: passed, no W+X pages found.
Loading, please wait...
starting version 237
[    1.148584] e1000: Intel(R) PRO/1000 Network Driver - version 7.3.21-k8-NAPI
[    1.262383] e1000: Copyright (c) 1999-2006 Intel Corporation.
[    1.267729] Fusion MPT base driver 3.04.20
[    1.268531] Copyright (c) 1999-2008 LSI Corporation
[    1.272800] Fusion MPT SPI Host driver 3.04.20
[    1.283225] AVX2 version of gcm_enc/dec engaged.
[    1.286162] AES CTR mode by8 optimization enabled
[    1.287003] mptbase: ioc0: Initiating bringup
[    2.193182] input: ImExPS/2 Generic Explorer Mouse as /devices/platform/i8042/serio1/input/input4
[    2.196143] tsc: Refined TSC clocksource calibration: 2592.059 MHz
[    2.196357] ioc0: LSI53C1030 A0: Capabilities={Initiator}
[    2.201520] clocksource: tsc: mask: 0xffffffffffffffff max_cycles: 0x255ceeb0fd2, max_idle_ns: 440795317939 ns
[    4.033132] scsi host2: ioc0: LSI53C1030 A0, FwRev=00000000h, Ports=1, MaxQ=256, IRQ=20
[    4.295409] scsi 2:0:0:0: Direct-Access     VBOX     HARDDISK         1.0  PQ: 0 ANSI: 5
[    4.328378] scsi target2:0:0: Beginning Domain Validation
[    4.350392] scsi target2:0:0: Domain Validation skipping write tests
[    4.354810] scsi target2:0:0: Ending Domain Validation
[    4.363749] scsi target2:0:0: asynchronous
[    4.365834] scsi 2:0:1:0: Direct-Access     VBOX     HARDDISK         1.0  PQ: 0 ANSI: 5
[    4.636120] scsi target2:0:1: Beginning Domain Validation
[    4.678751] random: fast init done
[    4.679378] scsi target2:0:1: Domain Validation skipping write tests
[    4.680418] scsi target2:0:1: Ending Domain Validation
[    4.681324] scsi target2:0:1: asynchronous
[    4.683498] random: systemd-udevd: uninitialized urandom read (16 bytes read)
[    4.683576] e1000 0000:00:03.0 eth0: (PCI:33MHz:32-bit) 02:88:80:28:66:3a
[    4.683581] e1000 0000:00:03.0 eth0: Intel(R) PRO/1000 Network Connection
[    4.688598] sd 2:0:0:0: Attached scsi generic sg0 type 0
[    4.688622] random: systemd-udevd: uninitialized urandom read (16 bytes read)
[    4.688626] random: systemd-udevd: uninitialized urandom read (16 bytes read)
[    4.696830] e1000 0000:00:03.0 enp0s3: renamed from eth0
[    4.698350] sd 2:0:0:0: [sda] 20971520 512-byte logical blocks: (10.7 GB/10.0 GiB)
[    4.699681] sd 2:0:1:0: Attached scsi generic sg1 type 0
[    4.699688] sd 2:0:0:0: [sda] Write Protect is off
[    4.701505] sd 2:0:0:0: [sda] Incomplete mode parameter data
[    4.702468] sd 2:0:0:0: [sda] Assuming drive cache: write through
[    4.703485] sd 2:0:1:0: [sdb] 20480 512-byte logical blocks: (10.5 MB/10.0 MiB)
[    4.704820] sd 2:0:1:0: [sdb] Write Protect is off
[    4.705767] sd 2:0:1:0: [sdb] Incomplete mode parameter data
[    4.719308] sd 2:0:1:0: [sdb] Assuming drive cache: write through
[    4.722385]  sda: sda1
[    4.723554] sd 2:0:0:0: [sda] Attached SCSI disk
[    4.724766] sd 2:0:1:0: [sdb] Attached SCSI disk
Begin: Loading essential drivers ... [    6.156048] raid6: sse2x1   gen() 10355 MB/s
[    6.208083] raid6: sse2x1   xor()  7231 MB/s
[    6.260040] raid6: sse2x2   gen() 10250 MB/s
[    6.308030] raid6: sse2x2   xor()  8560 MB/s
[    6.376029] raid6: sse2x4   gen() 14853 MB/s
[    6.424040] raid6: sse2x4   xor()  9361 MB/s
[    6.480062] raid6: avx2x1   gen() 21100 MB/s
[    6.536026] raid6: avx2x1   xor() 14598 MB/s
[    6.624051] raid6: avx2x2   gen() 23390 MB/s
[    6.688026] raid6: avx2x2   xor() 15857 MB/s
[    6.740025] raid6: avx2x4   gen() 29070 MB/s
[    6.788023] raid6: avx2x4   xor() 18001 MB/s
[    6.825280] raid6: using algorithm avx2x4 gen() 29070 MB/s
[    6.826022] raid6: .... xor() 18001 MB/s, rmw enabled
[    6.826713] raid6: using avx2x2 recovery algorithm
[    6.828708] xor: automatically using best checksumming function   avx       
[    6.830963] async_tx: api initialized (async)
done.
Begin: Running /scripts/init-premount ... done.
Begin: Mounting root file system ... Begin: Running /scripts/local-top ... done.
[    6.872665] Btrfs loaded, crc32c=crc32c-intel
Begin: Running /scripts/local-premount ... Scanning for Btrfs filesystems
done.
Warning: fsck not present, so skipping root file[    6.909236] EXT4-fs (sda1): mounted filesystem with ordered data mode. Opts: (null)
 system
done.
Begin: Running /scripts/local-bottom ... done.
Begin: Running /scripts/init-bottom ... done.
[    7.105748] ip_tables: (C) 2000-2006 Netfilter Core Team
[    7.116919] systemd[1]: systemd 237 running in system mode. (+PAM +AUDIT +SELINUX +IMA +APPARMOR +SMACK +SYSVINIT +UTMP +LIBCRYPTSETUP +GCRYPT +GNUTLS +ACL +XZ +LZ4 +SECCOMP +BLKID +ELFUTILS +KMOD -IDN2 +IDN -PCRE2 default-hierarchy=hybrid)
[    7.138673] systemd[1]: Detected virtualization oracle.
[    7.139911] systemd[1]: Detected architecture x86-64.

Welcome to [1mUbuntu 18.04.2 LTS[0m!

[    7.146587] systemd[1]: Set hostname to <ubuntu>.
[    7.166994] systemd[1]: Initializing machine ID from random generator.
[    7.168134] systemd[1]: Installed transient /etc/machine-id file.
[    7.385691] systemd[1]: Reached target User and Group Name Lookups.
[[0;32m  OK  [0m] Reached target User and Group Name Lookups.
[    7.387770] systemd[1]: Reached target Swap.
[[0;32m  OK  [0m] Reached target Swap.
[    7.390446] systemd[1]: Created slice System Slice.
[[0;32m  OK  [0m] Created slice System Slice.
[    7.393090] systemd[1]: Listening on udev Control Socket.
[[0;32m  OK  [0m] Listening on udev Control Socket.
[[0;32m  OK  [0m] Listening on Journal Audit Socket.
[[0;32m  OK  [0m] Created slice system-serial\x2dgetty.slice.
[[0;32m  OK  [0m] Listening on Journal Socket.
         Starting Remount Root and Kernel File Systems...
         Mounting Kernel Debug File System...
         Starting Set the console keyboard layout...
         Mounting Huge Pages File System...
[[0;32m  OK  [0m] Listening on /dev/initctl Compatibility Named Pipe.
[[0;32m  OK  [0m] Listening on udev Kernel Socket.
[[0;32m  OK  [0m] Set up automount Arbitrary Executab…rmats File System Automount Point.
         Mounting POSIX Message Queue File System...
[[0;32m  OK  [0m] Created slice User and Session Slice.
[[0;32m  OK  [0m] Reached target Slices.
[[0;32m  OK  [0m] Listening on Journal Socket (/dev/log).
[[0;32m  OK  [0m] Started Forward Password Requests to Wall Directory Watch.
         Starting Load Kernel Modules...
[[0;32m  OK  [0m] Listening on Network Service Netlink Socket.
[[0;32m  OK  [0m] Listening on Device-mapper event daemon FIFOs.
[[0;32m  OK  [0m] Listening on LVM2 poll daemon socket.
[    7.474597] Loading iSCSI transport class v2.0-870.
[    7.480590] iscsi: registered transport (tcp)
         Starting Create list of required st…ce nodes for the current kernel...
[[0;32m  OK  [0m] Listening on LVM2 metadata daemon socket.
         Starting Monitoring of LVM2 mirrors…ng dmeventd or progress polling...
[[0;32m  OK  [0m] Reached target System Time Synchronized.
         Starting Uncomplicated firewall...
         Starting udev Coldplug all Devices...
[[0;32m  OK  [0m] Listening on Syslog Socket.
         Starting Journal Service...
[    7.536835] iscsi: registered transport (iser)
[[0;32m  OK  [0m] Started Load Kernel Modules.
[[0;32m  OK  [0m] Started Create list of required sta…vice nodes for the current kernel.
         Starting Create Static Device Nodes in /dev...
         Mounting FUSE Control File System...
         Mounting Kernel Configuration File System...
         Starting Apply Kernel Variables...
[[0;32m  OK  [0m] Started Uncomplicated firewall.
[[0;32m  OK  [0m] Started Journal Service.
[[0;32m  OK  [0m] Started udev Coldplug all Devices.
[[0;32m  OK  [0m] Started Create Static Device Nodes in /dev.
[[0;32m  OK  [0m] Started Apply Kernel Variables.
[[0;32m  OK  [0m] Mounted Kernel Debug File System.
[[0;32m  OK  [0m] Started Remount Root and Kernel File Systems.
[[0;32m  OK  [0m] Mounted Huge Pages File System.
[[0;32m  OK  [0m] Mounted POSIX Message Queue File System.
[[0;32m  OK  [0m] Mounted FUSE Control File System.
[[0;32m  OK  [0m] Mounted Kernel Configuration File System.
[[0;32m  OK  [0m] Started LVM2 metadata daemon.
         Starting Load/Save Random Seed...
         Starting Flush Journal to Persistent Storage...
         Starting Initial cloud-init job (pre-networking)...
         Starting udev Kernel Device Manager...
[[0;32m  OK  [0m] Started Set the console keyboard layout.
[[0;32m  OK  [0m] Started Monitoring of LVM2 mirrors,…sing dmeventd or progress polling.
[[0;32m  OK  [0m] Started Load/Save Random Seed.
[[0;32m  OK  [0m] Reached target Local File Systems (Pre).
[[0;32m  OK  [0m] Reached target Local File Systems.
         Starting AppArmor initialization...
         Starting Tell Plymouth To Write Out Runtime Data...
         Starting Set console font and keymap...
         Starting ebtables ruleset management...
         Starting Commit a transient machine-id on disk...
[[0;32m  OK  [0m] Started udev Kernel Device Manager.
[[0;32m  OK  [0m] Started Dispatch Password Requests to Console Directory Watch.
[[0;32m  OK  [0m] Reached target Local Encrypted Volumes.
[[0;32m  OK  [0m] Started Set console font and keymap.
[[0;32m  OK  [0m] Started Tell Plymouth To Write Out Runtime Data.
[[0;32m  OK  [0m] Started Flush Journal to Persistent Storage.
         Starting Create Volatile Files and Directories...
[[0;32m  OK  [0m] Started Commit a transient machine-id on disk.
[[0;32m  OK  [0m] Started Create Volatile Files and Directories.
[[0;32m  OK  [0m] Started ebtables ruleset management.
         Starting Update UTMP about System Boot/Shutdown...
[[0;32m  OK  [0m] Started Update UTMP about System Boot/Shutdown.
[[0;32m  OK  [0m] Found device /dev/ttyS0.
[[0;32m  OK  [0m] Listening on Load/Save RF Kill Switch Status /dev/rfkill Watch.
[[0;32m  OK  [0m] Started AppArmor initialization.
[    9.568151] cloud-init[429]: Cloud-init v. 18.4-0ubuntu1~18.04.1 running 'init-local' at Sun, 10 Mar 2019 12:20:59 +0000. Up 9.17 seconds.
[[0;32m  OK  [0m] Started Initial cloud-init job (pre-networking).
[[0;32m  OK  [0m] Reached target Network (Pre).
         Starting Network Service...
[[0;32m  OK  [0m] Started Network Service.
         Starting Wait for Network to be Configured...
         Starting Network Name Resolution...
[[0;32m  OK  [0m] Started Network Name Resolution.
[[0;32m  OK  [0m] Reached target Network.
[[0;32m  OK  [0m] Reached target Host and Network Name Lookups.
[[0;32m  OK  [0m] Started Wait for Network to be Configured.
         Starting Initial cloud-init job (metadata service crawler)...
[   12.216126] cloud-init[644]: Cloud-init v. 18.4-0ubuntu1~18.04.1 running 'init' at Sun, 10 Mar 2019 12:21:02 +0000. Up 12.06 seconds.
[   12.236387] cloud-init[644]: ci-info: ++++++++++++++++++++++++++++++++++++++Net device info++++++++++++++++++++++++++++++++++++++
[   12.238471] cloud-init[644]: ci-info: +--------+------+----------------------------+---------------+--------+-------------------+
[   12.241262] cloud-init[644]: ci-info: | Device |  Up  |          Address           |      Mask     | Scope  |     Hw-Address    |
[   12.246644] cloud-init[644]: ci-info: +--------+------+----------------------------+---------------+--------+-------------------+
[   12.250729] cloud-init[644]: ci-info: | enp0s3 | True |         10.0.2.15          | 255.255.255.0 | global | 02:88:80:28:66:3a |
[   12.253238] cloud-init[644]: ci-info: | enp0s3 | True | fe80::88:80ff:fe28:663a/64 |       .       |  link  | 02:88:80:28:66:3a |
[   12.255156] cloud-init[644]: ci-info: |   lo   | True |         127.0.0.1          |   255.0.0.0   |  host  |         .         |
[   12.257368] cloud-init[644]: ci-info: |   lo   | True |          ::1/128           |       .       |  host  |         .         |
[   12.280732] cloud-init[644]: ci-info: +--------+------+----------------------------+---------------+--------+-------------------+
[   12.288201] cloud-init[644]: ci-info: ++++++++++++++++++++++++++++Route IPv4 info+++++++++++++++++++++++++++++
[   12.299317] cloud-init[644]: ci-info: +-------+-------------+----------+-----------------+-----------+-------+
[   12.302562] cloud-init[644]: ci-info: | Route | Destination | Gateway  |     Genmask     | Interface | Flags |
[   12.306768] cloud-init[644]: ci-info: +-------+-------------+----------+-----------------+-----------+-------+
[   12.307948] cloud-init[644]: ci-info: |   0   |   0.0.0.0   | 10.0.2.2 |     0.0.0.0     |   enp0s3  |   UG  |
[   12.309221] cloud-init[644]: ci-info: |   1   |   10.0.2.0  | 0.0.0.0  |  255.255.255.0  |   enp0s3  |   U   |
[   12.310492] cloud-init[644]: ci-info: |   2   |   10.0.2.2  | 0.0.0.0  | 255.255.255.255 |   enp0s3  |   UH  |
[   12.314997] cloud-init[644]: ci-info: +-------+-------------+----------+-----------------+-----------+-------+
[   12.355769] cloud-init[644]: ci-info: +++++++++++++++++++Route IPv6 info+++++++++++++++++++
[   12.371045] cloud-init[644]: ci-info: +-------+-------------+---------+-----------+-------+
[   12.396300] cloud-init[644]: ci-info: | Route | Destination | Gateway | Interface | Flags |
[   12.407328] cloud-init[644]: ci-info: +-------+-------------+---------+-----------+-------+
[   12.409159] cloud-init[644]: ci-info: |   1   |  fe80::/64  |    ::   |   enp0s3  |   U   |
[   12.420259] cloud-init[644]: ci-info: |   3   |    local    |    ::   |   enp0s3  |   U   |
[   12.442235] cloud-init[644]: ci-info: |   4   |   ff00::/8  |    ::   |   enp0s3  |   U   |
[   12.466524] cloud-init[644]: ci-info: +-------+-------------+---------+-----------+-------+
[   12.981299] cloud-init[644]: Generating public/private rsa key pair.
[   12.996250] cloud-init[644]: Your identification has been saved in /etc/ssh/ssh_host_rsa_key.
[   12.999338] cloud-init[644]: Your public key has been saved in /etc/ssh/ssh_host_rsa_key.pub.
[   13.000972] cloud-init[644]: The key fingerprint is:
[   13.002056] cloud-init[644]: SHA256:1+42QmvXo+2SfTjQSrtq8yAQYJsFcxZpBekarjoziGM root@ubuntu-bionic
[   13.004604] cloud-init[644]: The key's randomart image is:
[   13.005765] cloud-init[644]: +---[RSA 2048]----+
[   13.006855] cloud-init[644]: |    =.**.        |
[   13.007948] cloud-init[644]: |   . O+          |
[   13.009209] cloud-init[644]: |    oo.          |
[   13.029443] cloud-init[644]: |    . ..   .     |
[   13.030811] cloud-init[644]: |   . o. S . ..   |
[   13.036480] [[0;32m  OK  [0m] Started Initial cloud-init job (metadata service crawler).
[[0;32m  OK  [0m] Reached target Network is Online.
cloud-init[644]: |    o  . ...o .  |
[   13.040928] cloud-init[644]: [[0;32m  OK  [0m] Reached target Remote File Systems (Pre).
[[0;32m  OK  [0m] Reached target Remote File Systems.
         Starting Availability of block devices...
[[0;32m  OK  [0m] Reached target System Initialization.
[[0;32m  OK  [0m] Started Discard unused blocks once a week.
[[0;32m  OK  [0m] Started Message of the Day.
[[0;32m  OK  [0m] Listening on D-Bus System Message Bus Socket.
[[0;32m  OK  [0m] Started Daily Cleanup of Temporary Directories.
[[0;32m  OK  [0m] Listening on UUID daemon activation socket.
[[0;32m  OK  [0m] Started Daily apt download activities.
[[0;32m  OK  [0m] Started Daily apt upgrade and clean activities.
         Starting LXD - unix socket.
[[0;32m  OK  [0m] Started ACPI Events Check.
[[0;32m  OK  [0m] Listening on Open-iSCSI iscsid Socket.
[[0;32m  OK  [0m] Reached target Timers.
         Starting Socket activation for snappy daemon.
[[0;32m  OK  [0m] Reached target Paths.
[[0;32m  OK  [0m] Listening on ACPID Listen Socket.
[[0;32m  OK  [0m] Reached target Cloud-config availability.
[[0;32m  OK  [0m] Listening on LXD - unix socket.
[[0;32m  OK  [0m] Listening on Socket activation for snappy daemon.
[[0;32m  OK  [0m] Reached target Sockets.
[[0;32m  OK  [0m] Reached target Basic System.
|o  .    ...o.B . |
[[0;32m  OK  [0m] Started Deferred execution scheduler.
[   13.182774] cloud-init[644]: |BE.      .*oO.* .|
[   13.184397] cloud-init[644]: |o*       o.B=*o+ |
[   13.185378] cloud-init[644]: +----[SHA256]-----+[[0;32m  OK  [0m] Started Regular background program processing daemon.
         Starting Permit User Sessions...
[[0;32m  OK  [0m] Started irqbalance daemon.

[[0;32m  OK  [0m[   13.212904] cloud-init[644]: Generating public/private dsa key pair.
] Started D-Bus System Message Bus.
[   13.213865] cloud-init[644]: Your identification has been saved in /etc/ssh/ssh_host_dsa_key.
[   13.245489] cloud-init[644]: Your public key has been saved in /etc/ssh/ssh_host_dsa_key.pub.
[   13.249130] cloud-init[644]: The key fingerprint is:
[   13.250599] cloud-init[644]: SHA256:KC4AxB/HrcvRTZSWm4jJIWrxdtwfyttSCAdkY6cEqYE root@ubuntu-bionic
         Starting LSB: automatic crash report generation...
[   13.272884] cloud-init[644]: The key's randomart image is:
[   13.274049] cloud-init         Starting Pollinate to seed the pseudo random number generator...
[644]: +---[DSA 1024]----+
[   13.275979] cloud-init[644]: |o. .=*....o      |         Starting Snappy daemon...

[   13.288160] cloud-init[644]: |E+ ++=+. =       |
         Starting Login Service...
[   13.288614] cloud-init[644]: |. B *.O = o      |
         Starting Accounts Service...
[   13.328014] cloud-init[644]: |.+ + X * =       |
         Starting Virtualbox guest utils...
[   13.346369] cloud-init[644]: |o . + B S .      |
[[0;32m  OK  [0m] Started FUSE filesystem for LXC.
[   13.355521] cloud-init[644]: | . . + + o       |
[   13.396409] cloud-init[644]: |  . .   +        |
[   13.398814] cloud-init[644]: |   .   o .       |
[   13.424545] cloud-init[644]:          Starting Dispatcher daemon for systemd-networkd...
|        .        |
         Starting System Logging Service...
[   13.429162] cloud-init[644]: +----[SHA256]-----+
         Starting LSB: Record successful boot for GRUB...
[   13.460368] cloud-init[644]: Generating public/private ecdsa key pair.         Starting LXD - container startup/shutdown...

[[0;32m  OK  [0m] Started Availability of block devices.
[[0;32m  OK  [0m] Started Permit User Sessions.
[   13.526217] cloud-init[644]: Your identification has been saved in /etc/ssh/ssh_host_ecdsa_key.
[[   13.543479] cloud-init[644]: Your public key has been saved in /etc/ssh/ssh_host_ecdsa_key.pub.
[0;32m  OK  [0m[   13.544617] cloud-init[644]: The key fingerprint is:
] [   13.545941] cloud-init[644]: SHA256:0Cw16g3xtr7t4/ZZBF/61DSZbH3j+0JOIfGfTz43KMo root@ubuntu-bionic
Started Login Service.
[   13.546172] cloud-init[644]: The key's randomart image is:
[   13.586632] cloud-init[644]: +---[ECDSA 256]---+
[   13.587226] cloud-init[644]: |      . o        |
[   13.610116] cloud-init[644]: |       B .  . . +|
[   13.611382] cloud-init[644]: |      = =   .o B=|
[   13.618440] cloud-init[644]: [[0;32m  OK  [0m] Started LSB: automatic crash report generation.
         Starting Authorization Manager...
[[0;32m  OK  [0m] Started Unattended Upgrades Shutdown.
         Starting Hold until boot process finishes up...
         Starting Terminate Plymouth Boot Screen...
|     . * .  .o=+=|
[[0;32m  OK  [0m] Started Hold until boot process finishes up.
[   13.671217] cloud-init[644]: |      . S    .+++|
[[0;32m  OK  [0m] Started Terminate Plymouth Boot Screen.
[[0;32m  OK  [0m] Started Serial Getty on ttyS0.
[   13.698271] cloud-init[644]: |       .     .o++|
[   13.700798] cloud-init[644]: |        .    +o+o|
         Starting Set console scheme...[   13.724488] 
cloud-init[644]: |        .oo. +oo=|
[[0;32m  OK  [0m] Started Authorization Manager.
[[0;32m  OK  [0m] Started Accounts Service.
[[0;32m  OK  [0m] Started System Logging Service.
[[0;32m  OK  [0m] Started Set console scheme.
[[0;32m  OK  [0m] Created slice system-getty.slice.
[[0;32m  OK  [0m] Started Getty on tty1.
[[0;32m  OK  [0m] Reached target Login Prompts.
[[0;32m  OK  [0m] Started Virtualbox guest utils.
[   13.837474] cloud-init[644]: |        .E=o+  .=|
[   13.844503] cloud-init[644]: +----[SHA256]-----+
[   13.847214] cloud-init[644]: Generating public/private ed25519 key pair.
[   13.850530] cloud-init[644]: Your identification has been saved in /etc/ssh/ssh_host_ed25519_key.
[   13.855452] cloud-init[644]: Your public key has been saved in /etc/ssh/ssh_host_ed25519_key.pub.
[   13.858476] cloud-init[644]: The key fingerprint is:
[[0;32m  OK  [0m] Started LSB: Record successful boot for GRUB.
[   13.900963] cloud-init[644]: SHA256:dcPtby/ehMtGHLeLdpCwKTGQPN2cm2/v34ZdZyTbdpU root@ubuntu-bionic
[   13.919783] cloud-init[644]: The key's randomart image is:
[   13.922663] cloud-init[644]: +--[ED25519 256]--+
[   13.925416] cloud-init[644]: |      . o o .    |
[   13.930863] cloud-init[644]: |       = . = .   |
[   13.933704] cloud-init[644]: |        o . * . .|
[   13.983030] cloud-init[644]: |         + = ooE+|
[   14.007523] cloud-init[644]: |        S o =.oBo|
[   14.015783] cloud-init[644]: |         . o =++B|
[   14.025037] cloud-init[644]: |          . ..==O|
[   14.025867] cloud-init[644]: |             ++O=|
[   14.027725] cloud-init[644]: |            .o*+*|
[   14.029727] cloud-init[644]: +----[SHA256]-----+
[[0;32m  OK  [0m] Started LXD - container startup/shutdown.
[[0;32m  OK  [0m] Started Dispatcher daemon for systemd-networkd.
[[0;32m  OK  [0m] Started Snappy daemon.
         Starting Wait until snapd is fully seeded...
[[0;32m  OK  [0m] Started Pollinate to seed the pseudo random number generator.
         Starting OpenBSD Secure Shell server...
[[0;32m  OK  [0m] Started OpenBSD Secure Shell server.
[[0;32m  OK  [0m] Created slice User Slice of vagrant.
         Starting User Manager for UID 1000...
[[0;32m  OK  [0m] Started Session 1 of user vagrant.
[[0;32m  OK  [0m] Started User Manager for UID 1000.

Ubuntu 18.04.2 LTS ubuntu-bionic ttyS0

ubuntu-bionic login: [   27.260201] cloud-init[1648]: Cloud-init v. 18.4-0ubuntu1~18.04.1 running 'modules:config' at Sun, 10 Mar 2019 12:21:17 +0000. Up 26.90 seconds.
ci-info: no authorized ssh keys fingerprints found for user ubuntu.
<14>Mar 10 12:21:18 ec2: 
<14>Mar 10 12:21:18 ec2: #############################################################
<14>Mar 10 12:21:18 ec2: -----BEGIN SSH HOST KEY FINGERPRINTS-----
<14>Mar 10 12:21:18 ec2: 1024 SHA256:KC4AxB/HrcvRTZSWm4jJIWrxdtwfyttSCAdkY6cEqYE root@ubuntu-bionic (DSA)
<14>Mar 10 12:21:18 ec2: 256 SHA256:0Cw16g3xtr7t4/ZZBF/61DSZbH3j+0JOIfGfTz43KMo root@ubuntu-bionic (ECDSA)
<14>Mar 10 12:21:18 ec2: 256 SHA256:dcPtby/ehMtGHLeLdpCwKTGQPN2cm2/v34ZdZyTbdpU root@ubuntu-bionic (ED25519)
<14>Mar 10 12:21:18 ec2: 2048 SHA256:1+42QmvXo+2SfTjQSrtq8yAQYJsFcxZpBekarjoziGM root@ubuntu-bionic (RSA)
<14>Mar 10 12:21:18 ec2: -----END SSH HOST KEY FINGERPRINTS-----
<14>Mar 10 12:21:18 ec2: #############################################################
-----BEGIN SSH HOST KEY KEYS-----
ecdsa-sha2-nistp256 AAAAE2VjZHNhLXNoYTItbmlzdHAyNTYAAAAIbmlzdHAyNTYAAABBBF+eaeF7NXNm3Pls/WkTCLfwA5LMs9BS1KdKLuK1UNlnhPr0E3ahnSPJPrjQQ5zYEZzE9QXsUl4Pl2i2I0wMO2M= root@ubuntu-bionic
ssh-ed25519 AAAAC3NzaC1lZDI1NTE5AAAAIP0wqCVY7DLF9LoqWywMxHU8pWUijcml/nC79lVZN7mS root@ubuntu-bionic
ssh-rsa AAAAB3NzaC1yc2EAAAADAQABAAABAQCuQn1IaNQ/qk1pTe3yESn3Al0Lnz0R25kdEvbqP207a6BtXnnEbci6hy2xXQGA36fpQGkwaoHNr1darLIO3j5zF4j/ID752+iZjcl4MsQqqnanYU1x3jVonnBTO7q4m/WXoeVnAdDaPtVEG/1ZBuTp/ijjD/W5WBZCAASgSYIvXrEYy+ttIfK3VbpGFb14Dbx/UD41c6B4BF7FFZEn2Yb4dNH0TJLhVq/RjcEcQNLQr8d9AwzB1bVLWtp/e6Ay5F1EzTEog99QUD2KVQoDBoMwX0dyP3eENwQ4F6HzG0dShwblmEt6xYzWLsiARWnswz28AkMbgp3zZM9IItI5nSdl root@ubuntu-bionic
-----END SSH HOST KEY KEYS-----
[   27.757747] cloud-init[1699]: Cloud-init v. 18.4-0ubuntu1~18.04.1 running 'modules:final' at Sun, 10 Mar 2019 12:21:18 +0000. Up 27.62 seconds.
[   27.757862] cloud-init[1699]: ci-info: no authorized ssh keys fingerprints found for user ubuntu.
[   27.758413] cloud-init[1699]: Cloud-init v. 18.4-0ubuntu1~18.04.1 finished at Sun, 10 Mar 2019 12:21:18 +0000. Datasource DataSourceNoCloud [seed=/dev/sdb][dsmode=net].  Up 27.73 seconds
